[1.604s] Invoking command in '/home/rodrigomoreira/ros2_ws/src/build/my_py_pkg': DEBUGINFOD_URLS=https://debuginfod.ubuntu.com PYTHONPATH=/home/rodrigomoreira/ros2_ws/src/build/my_py_pkg/prefix_override:/usr/lib/python3/dist-packages/colcon_core/task/python/colcon_distutils_commands:/home/rodrigomoreira/ros2_ws/src/install/my_py_pkg/lib/python3.12/site-packages:${PYTHONPATH} /usr/bin/python3 -W ignore:setup.py install is deprecated -W ignore:easy_install command is deprecated setup.py develop --editable --build-directory /home/rodrigomoreira/ros2_ws/src/build/my_py_pkg/build --no-deps symlink_data
[1.872s] running develop
[2.032s] running egg_info
[2.032s] creating my_py_pkg.egg-info
[2.047s] writing my_py_pkg.egg-info/PKG-INFO
[2.048s] writing dependency_links to my_py_pkg.egg-info/dependency_links.txt
[2.048s] writing requirements to my_py_pkg.egg-info/requires.txt
[2.048s] writing top-level names to my_py_pkg.egg-info/top_level.txt
[2.048s] writing manifest file 'my_py_pkg.egg-info/SOURCES.txt'
[2.080s] reading manifest file 'my_py_pkg.egg-info/SOURCES.txt'
[2.080s] writing manifest file 'my_py_pkg.egg-info/SOURCES.txt'
[2.098s] running build_ext
[2.098s] Creating /home/rodrigomoreira/ros2_ws/src/install/my_py_pkg/lib/python3.12/site-packages/my-py-pkg.egg-link (link to .)
[2.099s] 
[2.099s] Installed /home/rodrigomoreira/ros2_ws/src/build/my_py_pkg
[2.099s] running symlink_data
[2.099s] creating /home/rodrigomoreira/ros2_ws/src/install/my_py_pkg/share/ament_index
[2.099s] creating /home/rodrigomoreira/ros2_ws/src/install/my_py_pkg/share/ament_index/resource_index
[2.099s] creating /home/rodrigomoreira/ros2_ws/src/install/my_py_pkg/share/ament_index/resource_index/packages
[2.099s] symbolically linking /home/rodrigomoreira/ros2_ws/src/build/my_py_pkg/resource/my_py_pkg -> /home/rodrigomoreira/ros2_ws/src/install/my_py_pkg/share/ament_index/resource_index/packages
[2.100s] symbolically linking /home/rodrigomoreira/ros2_ws/src/build/my_py_pkg/package.xml -> /home/rodrigomoreira/ros2_ws/src/install/my_py_pkg/share/my_py_pkg
[2.157s] Invoked command in '/home/rodrigomoreira/ros2_ws/src/build/my_py_pkg' returned '0': DEBUGINFOD_URLS=https://debuginfod.ubuntu.com PYTHONPATH=/home/rodrigomoreira/ros2_ws/src/build/my_py_pkg/prefix_override:/usr/lib/python3/dist-packages/colcon_core/task/python/colcon_distutils_commands:/home/rodrigomoreira/ros2_ws/src/install/my_py_pkg/lib/python3.12/site-packages:${PYTHONPATH} /usr/bin/python3 -W ignore:setup.py install is deprecated -W ignore:easy_install command is deprecated setup.py develop --editable --build-directory /home/rodrigomoreira/ros2_ws/src/build/my_py_pkg/build --no-deps symlink_data
