[0.178s] DEBUG:colcon:Command line arguments: ['/usr/bin/colcon', 'build', '--packages-select', 'map_marker_pkg']
[0.178s] DEBUG:colcon:Parsed command line arguments: Namespace(log_base=None, log_level=None, verb_name='build', build_base='build', install_base='install', merge_install=False, symlink_install=False, test_result_base=None, continue_on_error=False, executor='parallel', parallel_workers=16, event_handlers=None, ignore_user_meta=False, metas=['./colcon.meta'], base_paths=['.'], packages_ignore=None, packages_ignore_regex=None, paths=None, packages_up_to=None, packages_up_to_regex=None, packages_above=None, packages_above_and_dependencies=None, packages_above_depth=None, packages_select_by_dep=None, packages_skip_by_dep=None, packages_skip_up_to=None, packages_select_build_failed=False, packages_skip_build_finished=False, packages_select_test_failures=False, packages_skip_test_passed=False, packages_select=['map_marker_pkg'], packages_skip=None, packages_select_regex=None, packages_skip_regex=None, packages_start=None, packages_end=None, allow_overriding=[], cmake_args=None, cmake_target=None, cmake_target_skip_unavailable=False, cmake_clean_cache=False, cmake_clean_first=False, cmake_force_configure=False, ament_cmake_args=None, catkin_cmake_args=None, catkin_skip_building_tests=False, verb_parser=<colcon_defaults.argument_parser.defaults.DefaultArgumentsDecorator object at 0x762014ab8440>, verb_extension=<colcon_core.verb.build.BuildVerb object at 0x762014be4f80>, main=<bound method BuildVerb.main of <colcon_core.verb.build.BuildVerb object at 0x762014be4f80>>)
[0.254s] Level 1:colcon.colcon_core.package_discovery:discover_packages(colcon_meta) check parameters
[0.254s] Level 1:colcon.colcon_core.package_discovery:discover_packages(recursive) check parameters
[0.254s] Level 1:colcon.colcon_core.package_discovery:discover_packages(ignore) check parameters
[0.254s] Level 1:colcon.colcon_core.package_discovery:discover_packages(path) check parameters
[0.254s] Level 1:colcon.colcon_core.package_discovery:discover_packages(colcon_meta) discover
[0.254s] Level 1:colcon.colcon_core.package_discovery:discover_packages(recursive) discover
[0.254s] INFO:colcon.colcon_core.package_discovery:Crawling recursively for packages in '/home/rodrigomoreira/ros2_ws/src'
[0.254s] Level 1:colcon.colcon_core.package_identification:_identify(.) by extensions ['ignore', 'ignore_ament_install']
[0.254s] Level 1:colcon.colcon_core.package_identification:_identify(.) by extension 'ignore'
[0.254s] Level 1:colcon.colcon_core.package_identification:_identify(.) by extension 'ignore_ament_install'
[0.254s] Level 1:colcon.colcon_core.package_identification:_identify(.) by extensions ['colcon_pkg']
[0.254s] Level 1:colcon.colcon_core.package_identification:_identify(.) by extension 'colcon_pkg'
[0.254s] Level 1:colcon.colcon_core.package_identification:_identify(.) by extensions ['colcon_meta']
[0.254s] Level 1:colcon.colcon_core.package_identification:_identify(.) by extension 'colcon_meta'
[0.255s] Level 1:colcon.colcon_core.package_identification:_identify(.) by extensions ['ros']
[0.255s] Level 1:colcon.colcon_core.package_identification:_identify(.) by extension 'ros'
[0.282s] Level 1:colcon.colcon_core.package_identification:_identify(.) by extensions ['cmake', 'python']
[0.282s] Level 1:colcon.colcon_core.package_identification:_identify(.) by extension 'cmake'
[0.282s] Level 1:colcon.colcon_core.package_identification:_identify(.) by extension 'python'
[0.282s] Level 1:colcon.colcon_core.package_identification:_identify(.) by extensions ['python_setup_py']
[0.282s] Level 1:colcon.colcon_core.package_identification:_identify(.) by extension 'python_setup_py'
[0.282s] Level 1:colcon.colcon_core.package_identification:_identify(build) by extensions ['ignore', 'ignore_ament_install']
[0.282s] Level 1:colcon.colcon_core.package_identification:_identify(build) by extension 'ignore'
[0.282s] Level 1:colcon.colcon_core.package_identification:_identify(build) ignored
[0.282s] Level 1:colcon.colcon_core.package_identification:_identify(controller_interpreter) by extensions ['ignore', 'ignore_ament_install']
[0.282s] Level 1:colcon.colcon_core.package_identification:_identify(controller_interpreter) by extension 'ignore'
[0.282s] Level 1:colcon.colcon_core.package_identification:_identify(controller_interpreter) by extension 'ignore_ament_install'
[0.282s] Level 1:colcon.colcon_core.package_identification:_identify(controller_interpreter) by extensions ['colcon_pkg']
[0.283s] Level 1:colcon.colcon_core.package_identification:_identify(controller_interpreter) by extension 'colcon_pkg'
[0.283s] Level 1:colcon.colcon_core.package_identification:_identify(controller_interpreter) by extensions ['colcon_meta']
[0.283s] Level 1:colcon.colcon_core.package_identification:_identify(controller_interpreter) by extension 'colcon_meta'
[0.283s] Level 1:colcon.colcon_core.package_identification:_identify(controller_interpreter) by extensions ['ros']
[0.283s] Level 1:colcon.colcon_core.package_identification:_identify(controller_interpreter) by extension 'ros'
[0.288s] DEBUG:colcon.colcon_core.package_identification:Package 'controller_interpreter' with type 'ros.ament_python' and name 'controller_interpreter'
[0.288s] Level 1:colcon.colcon_core.package_identification:_identify(gps_rtkk_pkg) by extensions ['ignore', 'ignore_ament_install']
[0.288s] Level 1:colcon.colcon_core.package_identification:_identify(gps_rtkk_pkg) by extension 'ignore'
[0.288s] Level 1:colcon.colcon_core.package_identification:_identify(gps_rtkk_pkg) by extension 'ignore_ament_install'
[0.288s] Level 1:colcon.colcon_core.package_identification:_identify(gps_rtkk_pkg) by extensions ['colcon_pkg']
[0.288s] Level 1:colcon.colcon_core.package_identification:_identify(gps_rtkk_pkg) by extension 'colcon_pkg'
[0.288s] Level 1:colcon.colcon_core.package_identification:_identify(gps_rtkk_pkg) by extensions ['colcon_meta']
[0.288s] Level 1:colcon.colcon_core.package_identification:_identify(gps_rtkk_pkg) by extension 'colcon_meta'
[0.288s] Level 1:colcon.colcon_core.package_identification:_identify(gps_rtkk_pkg) by extensions ['ros']
[0.288s] Level 1:colcon.colcon_core.package_identification:_identify(gps_rtkk_pkg) by extension 'ros'
[0.289s] DEBUG:colcon.colcon_core.package_identification:Package 'gps_rtkk_pkg' with type 'ros.ament_python' and name 'gps_rtkk_pkg'
[0.290s] Level 1:colcon.colcon_core.package_identification:_identify(install) by extensions ['ignore', 'ignore_ament_install']
[0.290s] Level 1:colcon.colcon_core.package_identification:_identify(install) by extension 'ignore'
[0.290s] Level 1:colcon.colcon_core.package_identification:_identify(install) ignored
[0.290s] Level 1:colcon.colcon_core.package_identification:_identify(log) by extensions ['ignore', 'ignore_ament_install']
[0.290s] Level 1:colcon.colcon_core.package_identification:_identify(log) by extension 'ignore'
[0.290s] Level 1:colcon.colcon_core.package_identification:_identify(log) ignored
[0.290s] Level 1:colcon.colcon_core.package_identification:_identify(map_marker_pkg) by extensions ['ignore', 'ignore_ament_install']
[0.290s] Level 1:colcon.colcon_core.package_identification:_identify(map_marker_pkg) by extension 'ignore'
[0.290s] Level 1:colcon.colcon_core.package_identification:_identify(map_marker_pkg) by extension 'ignore_ament_install'
[0.290s] Level 1:colcon.colcon_core.package_identification:_identify(map_marker_pkg) by extensions ['colcon_pkg']
[0.290s] Level 1:colcon.colcon_core.package_identification:_identify(map_marker_pkg) by extension 'colcon_pkg'
[0.290s] Level 1:colcon.colcon_core.package_identification:_identify(map_marker_pkg) by extensions ['colcon_meta']
[0.290s] Level 1:colcon.colcon_core.package_identification:_identify(map_marker_pkg) by extension 'colcon_meta'
[0.291s] Level 1:colcon.colcon_core.package_identification:_identify(map_marker_pkg) by extensions ['ros']
[0.291s] Level 1:colcon.colcon_core.package_identification:_identify(map_marker_pkg) by extension 'ros'
[0.291s] DEBUG:colcon.colcon_core.package_identification:Package 'map_marker_pkg' with type 'ros.ament_python' and name 'map_marker_pkg'
[0.291s] Level 1:colcon.colcon_core.package_identification:_identify(my_py_pkg) by extensions ['ignore', 'ignore_ament_install']
[0.291s] Level 1:colcon.colcon_core.package_identification:_identify(my_py_pkg) by extension 'ignore'
[0.291s] Level 1:colcon.colcon_core.package_identification:_identify(my_py_pkg) by extension 'ignore_ament_install'
[0.292s] Level 1:colcon.colcon_core.package_identification:_identify(my_py_pkg) by extensions ['colcon_pkg']
[0.292s] Level 1:colcon.colcon_core.package_identification:_identify(my_py_pkg) by extension 'colcon_pkg'
[0.292s] Level 1:colcon.colcon_core.package_identification:_identify(my_py_pkg) by extensions ['colcon_meta']
[0.292s] Level 1:colcon.colcon_core.package_identification:_identify(my_py_pkg) by extension 'colcon_meta'
[0.292s] Level 1:colcon.colcon_core.package_identification:_identify(my_py_pkg) by extensions ['ros']
[0.292s] Level 1:colcon.colcon_core.package_identification:_identify(my_py_pkg) by extension 'ros'
[0.292s] DEBUG:colcon.colcon_core.package_identification:Package 'my_py_pkg' with type 'ros.ament_python' and name 'my_py_pkg'
[0.293s] Level 1:colcon.colcon_core.package_identification:_identify(pointcloud_to_grid) by extensions ['ignore', 'ignore_ament_install']
[0.293s] Level 1:colcon.colcon_core.package_identification:_identify(pointcloud_to_grid) by extension 'ignore'
[0.293s] Level 1:colcon.colcon_core.package_identification:_identify(pointcloud_to_grid) by extension 'ignore_ament_install'
[0.293s] Level 1:colcon.colcon_core.package_identification:_identify(pointcloud_to_grid) by extensions ['colcon_pkg']
[0.293s] Level 1:colcon.colcon_core.package_identification:_identify(pointcloud_to_grid) by extension 'colcon_pkg'
[0.293s] Level 1:colcon.colcon_core.package_identification:_identify(pointcloud_to_grid) by extensions ['colcon_meta']
[0.293s] Level 1:colcon.colcon_core.package_identification:_identify(pointcloud_to_grid) by extension 'colcon_meta'
[0.293s] Level 1:colcon.colcon_core.package_identification:_identify(pointcloud_to_grid) by extensions ['ros']
[0.293s] Level 1:colcon.colcon_core.package_identification:_identify(pointcloud_to_grid) by extension 'ros'
[0.294s] DEBUG:colcon.colcon_core.package_identification:Package 'pointcloud_to_grid' with type 'ros.ament_cmake' and name 'pointcloud_to_grid'
[0.294s] Level 1:colcon.colcon_core.package_identification:_identify(pole_detector) by extensions ['ignore', 'ignore_ament_install']
[0.294s] Level 1:colcon.colcon_core.package_identification:_identify(pole_detector) by extension 'ignore'
[0.295s] Level 1:colcon.colcon_core.package_identification:_identify(pole_detector) by extension 'ignore_ament_install'
[0.295s] Level 1:colcon.colcon_core.package_identification:_identify(pole_detector) by extensions ['colcon_pkg']
[0.295s] Level 1:colcon.colcon_core.package_identification:_identify(pole_detector) by extension 'colcon_pkg'
[0.295s] Level 1:colcon.colcon_core.package_identification:_identify(pole_detector) by extensions ['colcon_meta']
[0.295s] Level 1:colcon.colcon_core.package_identification:_identify(pole_detector) by extension 'colcon_meta'
[0.295s] Level 1:colcon.colcon_core.package_identification:_identify(pole_detector) by extensions ['ros']
[0.295s] Level 1:colcon.colcon_core.package_identification:_identify(pole_detector) by extension 'ros'
[0.296s] DEBUG:colcon.colcon_core.package_identification:Package 'pole_detector' with type 'ros.ament_python' and name 'pole_detector'
[0.296s] Level 1:colcon.colcon_core.package_identification:_identify(pole_marker) by extensions ['ignore', 'ignore_ament_install']
[0.296s] Level 1:colcon.colcon_core.package_identification:_identify(pole_marker) by extension 'ignore'
[0.296s] Level 1:colcon.colcon_core.package_identification:_identify(pole_marker) by extension 'ignore_ament_install'
[0.296s] Level 1:colcon.colcon_core.package_identification:_identify(pole_marker) by extensions ['colcon_pkg']
[0.296s] Level 1:colcon.colcon_core.package_identification:_identify(pole_marker) by extension 'colcon_pkg'
[0.296s] Level 1:colcon.colcon_core.package_identification:_identify(pole_marker) by extensions ['colcon_meta']
[0.296s] Level 1:colcon.colcon_core.package_identification:_identify(pole_marker) by extension 'colcon_meta'
[0.296s] Level 1:colcon.colcon_core.package_identification:_identify(pole_marker) by extensions ['ros']
[0.296s] Level 1:colcon.colcon_core.package_identification:_identify(pole_marker) by extension 'ros'
[0.297s] DEBUG:colcon.colcon_core.package_identification:Package 'pole_marker' with type 'ros.ament_python' and name 'pole_marker'
[0.297s] Level 1:colcon.colcon_core.package_identification:_identify(px4_msgs) by extensions ['ignore', 'ignore_ament_install']
[0.297s] Level 1:colcon.colcon_core.package_identification:_identify(px4_msgs) by extension 'ignore'
[0.297s] Level 1:colcon.colcon_core.package_identification:_identify(px4_msgs) by extension 'ignore_ament_install'
[0.297s] Level 1:colcon.colcon_core.package_identification:_identify(px4_msgs) by extensions ['colcon_pkg']
[0.297s] Level 1:colcon.colcon_core.package_identification:_identify(px4_msgs) by extension 'colcon_pkg'
[0.297s] Level 1:colcon.colcon_core.package_identification:_identify(px4_msgs) by extensions ['colcon_meta']
[0.297s] Level 1:colcon.colcon_core.package_identification:_identify(px4_msgs) by extension 'colcon_meta'
[0.297s] Level 1:colcon.colcon_core.package_identification:_identify(px4_msgs) by extensions ['ros']
[0.297s] Level 1:colcon.colcon_core.package_identification:_identify(px4_msgs) by extension 'ros'
[0.298s] DEBUG:colcon.colcon_core.package_identification:Package 'px4_msgs' with type 'ros.ament_cmake' and name 'px4_msgs'
[0.298s] Level 1:colcon.colcon_core.package_identification:_identify(px4_odom_bridge) by extensions ['ignore', 'ignore_ament_install']
[0.298s] Level 1:colcon.colcon_core.package_identification:_identify(px4_odom_bridge) by extension 'ignore'
[0.298s] Level 1:colcon.colcon_core.package_identification:_identify(px4_odom_bridge) by extension 'ignore_ament_install'
[0.299s] Level 1:colcon.colcon_core.package_identification:_identify(px4_odom_bridge) by extensions ['colcon_pkg']
[0.299s] Level 1:colcon.colcon_core.package_identification:_identify(px4_odom_bridge) by extension 'colcon_pkg'
[0.299s] Level 1:colcon.colcon_core.package_identification:_identify(px4_odom_bridge) by extensions ['colcon_meta']
[0.299s] Level 1:colcon.colcon_core.package_identification:_identify(px4_odom_bridge) by extension 'colcon_meta'
[0.299s] Level 1:colcon.colcon_core.package_identification:_identify(px4_odom_bridge) by extensions ['ros']
[0.299s] Level 1:colcon.colcon_core.package_identification:_identify(px4_odom_bridge) by extension 'ros'
[0.300s] DEBUG:colcon.colcon_core.package_identification:Package 'px4_odom_bridge' with type 'ros.ament_python' and name 'px4_odom_bridge'
[0.300s] Level 1:colcon.colcon_core.package_identification:_identify(slam_bringup) by extensions ['ignore', 'ignore_ament_install']
[0.300s] Level 1:colcon.colcon_core.package_identification:_identify(slam_bringup) by extension 'ignore'
[0.300s] Level 1:colcon.colcon_core.package_identification:_identify(slam_bringup) by extension 'ignore_ament_install'
[0.300s] Level 1:colcon.colcon_core.package_identification:_identify(slam_bringup) by extensions ['colcon_pkg']
[0.300s] Level 1:colcon.colcon_core.package_identification:_identify(slam_bringup) by extension 'colcon_pkg'
[0.300s] Level 1:colcon.colcon_core.package_identification:_identify(slam_bringup) by extensions ['colcon_meta']
[0.300s] Level 1:colcon.colcon_core.package_identification:_identify(slam_bringup) by extension 'colcon_meta'
[0.300s] Level 1:colcon.colcon_core.package_identification:_identify(slam_bringup) by extensions ['ros']
[0.300s] Level 1:colcon.colcon_core.package_identification:_identify(slam_bringup) by extension 'ros'
[0.301s] DEBUG:colcon.colcon_core.package_identification:Package 'slam_bringup' with type 'ros.ament_python' and name 'slam_bringup'
[0.301s] Level 1:colcon.colcon_core.package_identification:_identify(threshold_checker) by extensions ['ignore', 'ignore_ament_install']
[0.301s] Level 1:colcon.colcon_core.package_identification:_identify(threshold_checker) by extension 'ignore'
[0.301s] Level 1:colcon.colcon_core.package_identification:_identify(threshold_checker) by extension 'ignore_ament_install'
[0.301s] Level 1:colcon.colcon_core.package_identification:_identify(threshold_checker) by extensions ['colcon_pkg']
[0.301s] Level 1:colcon.colcon_core.package_identification:_identify(threshold_checker) by extension 'colcon_pkg'
[0.301s] Level 1:colcon.colcon_core.package_identification:_identify(threshold_checker) by extensions ['colcon_meta']
[0.301s] Level 1:colcon.colcon_core.package_identification:_identify(threshold_checker) by extension 'colcon_meta'
[0.301s] Level 1:colcon.colcon_core.package_identification:_identify(threshold_checker) by extensions ['ros']
[0.301s] Level 1:colcon.colcon_core.package_identification:_identify(threshold_checker) by extension 'ros'
[0.302s] DEBUG:colcon.colcon_core.package_identification:Package 'threshold_checker' with type 'ros.ament_python' and name 'threshold_checker'
[0.302s] Level 1:colcon.colcon_core.package_identification:_identify(video_stream_receiver) by extensions ['ignore', 'ignore_ament_install']
[0.302s] Level 1:colcon.colcon_core.package_identification:_identify(video_stream_receiver) by extension 'ignore'
[0.302s] Level 1:colcon.colcon_core.package_identification:_identify(video_stream_receiver) by extension 'ignore_ament_install'
[0.302s] Level 1:colcon.colcon_core.package_identification:_identify(video_stream_receiver) by extensions ['colcon_pkg']
[0.302s] Level 1:colcon.colcon_core.package_identification:_identify(video_stream_receiver) by extension 'colcon_pkg'
[0.302s] Level 1:colcon.colcon_core.package_identification:_identify(video_stream_receiver) by extensions ['colcon_meta']
[0.302s] Level 1:colcon.colcon_core.package_identification:_identify(video_stream_receiver) by extension 'colcon_meta'
[0.302s] Level 1:colcon.colcon_core.package_identification:_identify(video_stream_receiver) by extensions ['ros']
[0.302s] Level 1:colcon.colcon_core.package_identification:_identify(video_stream_receiver) by extension 'ros'
[0.303s] DEBUG:colcon.colcon_core.package_identification:Package 'video_stream_receiver' with type 'ros.ament_python' and name 'video_stream_receiver'
[0.303s] Level 1:colcon.colcon_core.package_discovery:discover_packages(recursive) using defaults
[0.303s] Level 1:colcon.colcon_core.package_discovery:discover_packages(ignore) discover
[0.303s] Level 1:colcon.colcon_core.package_discovery:discover_packages(ignore) using defaults
[0.303s] Level 1:colcon.colcon_core.package_discovery:discover_packages(path) discover
[0.303s] Level 1:colcon.colcon_core.package_discovery:discover_packages(path) using defaults
[0.332s] INFO:colcon.colcon_core.package_selection:Skipping not selected package 'controller_interpreter' in 'controller_interpreter'
[0.332s] INFO:colcon.colcon_core.package_selection:Skipping not selected package 'gps_rtkk_pkg' in 'gps_rtkk_pkg'
[0.332s] INFO:colcon.colcon_core.package_selection:Skipping not selected package 'my_py_pkg' in 'my_py_pkg'
[0.332s] INFO:colcon.colcon_core.package_selection:Skipping not selected package 'pointcloud_to_grid' in 'pointcloud_to_grid'
[0.332s] INFO:colcon.colcon_core.package_selection:Skipping not selected package 'pole_detector' in 'pole_detector'
[0.332s] INFO:colcon.colcon_core.package_selection:Skipping not selected package 'pole_marker' in 'pole_marker'
[0.332s] INFO:colcon.colcon_core.package_selection:Skipping not selected package 'px4_msgs' in 'px4_msgs'
[0.332s] INFO:colcon.colcon_core.package_selection:Skipping not selected package 'slam_bringup' in 'slam_bringup'
[0.332s] INFO:colcon.colcon_core.package_selection:Skipping not selected package 'threshold_checker' in 'threshold_checker'
[0.332s] INFO:colcon.colcon_core.package_selection:Skipping not selected package 'video_stream_receiver' in 'video_stream_receiver'
[0.332s] INFO:colcon.colcon_core.package_selection:Skipping not selected package 'px4_odom_bridge' in 'px4_odom_bridge'
[0.333s] Level 1:colcon.colcon_core.package_discovery:discover_packages(prefix_path) check parameters
[0.333s] Level 1:colcon.colcon_core.package_discovery:discover_packages(prefix_path) discover
[0.339s] DEBUG:colcon.colcon_installed_package_information.package_discovery:Found 11 installed packages in /home/rodrigomoreira/ros2_ws/install
[0.340s] DEBUG:colcon.colcon_installed_package_information.package_discovery:Found 7 installed packages in /home/rodrigomoreira/ros2_ws/src/install
[0.341s] DEBUG:colcon.colcon_installed_package_information.package_discovery:Found 1 installed packages in /home/rodrigomoreira/ws_livox/install
[0.342s] DEBUG:colcon.colcon_installed_package_information.package_discovery:Found 300 installed packages in /opt/ros/jazzy
[0.344s] Level 1:colcon.colcon_core.package_discovery:discover_packages(prefix_path) using defaults
[0.405s] Level 5:colcon.colcon_core.verb:set package 'map_marker_pkg' build argument 'cmake_args' from command line to 'None'
[0.405s] Level 5:colcon.colcon_core.verb:set package 'map_marker_pkg' build argument 'cmake_target' from command line to 'None'
[0.405s] Level 5:colcon.colcon_core.verb:set package 'map_marker_pkg' build argument 'cmake_target_skip_unavailable' from command line to 'False'
[0.405s] Level 5:colcon.colcon_core.verb:set package 'map_marker_pkg' build argument 'cmake_clean_cache' from command line to 'False'
[0.405s] Level 5:colcon.colcon_core.verb:set package 'map_marker_pkg' build argument 'cmake_clean_first' from command line to 'False'
[0.405s] Level 5:colcon.colcon_core.verb:set package 'map_marker_pkg' build argument 'cmake_force_configure' from command line to 'False'
[0.405s] Level 5:colcon.colcon_core.verb:set package 'map_marker_pkg' build argument 'ament_cmake_args' from command line to 'None'
[0.405s] Level 5:colcon.colcon_core.verb:set package 'map_marker_pkg' build argument 'catkin_cmake_args' from command line to 'None'
[0.405s] Level 5:colcon.colcon_core.verb:set package 'map_marker_pkg' build argument 'catkin_skip_building_tests' from command line to 'False'
[0.405s] DEBUG:colcon.colcon_core.verb:Building package 'map_marker_pkg' with the following arguments: {'ament_cmake_args': None, 'build_base': '/home/rodrigomoreira/ros2_ws/src/build/map_marker_pkg', 'catkin_cmake_args': None, 'catkin_skip_building_tests': False, 'cmake_args': None, 'cmake_clean_cache': False, 'cmake_clean_first': False, 'cmake_force_configure': False, 'cmake_target': None, 'cmake_target_skip_unavailable': False, 'install_base': '/home/rodrigomoreira/ros2_ws/src/install/map_marker_pkg', 'merge_install': False, 'path': '/home/rodrigomoreira/ros2_ws/src/map_marker_pkg', 'symlink_install': False, 'test_result_base': None}
[0.406s] INFO:colcon.colcon_core.executor:Executing jobs using 'parallel' executor
[0.407s] DEBUG:colcon.colcon_parallel_executor.executor.parallel:run_until_complete
[0.407s] INFO:colcon.colcon_ros.task.ament_python.build:Building ROS package in '/home/rodrigomoreira/ros2_ws/src/map_marker_pkg' with build type 'ament_python'
[0.407s] Level 1:colcon.colcon_core.shell:create_environment_hook('map_marker_pkg', 'ament_prefix_path')
[0.413s] INFO:colcon.colcon_core.plugin_system:Skipping extension 'colcon_core.shell.bat': Not used on non-Windows systems
[0.413s] INFO:colcon.colcon_core.shell:Creating environment hook '/home/rodrigomoreira/ros2_ws/src/install/map_marker_pkg/share/map_marker_pkg/hook/ament_prefix_path.ps1'
[0.415s] INFO:colcon.colcon_core.shell:Creating environment descriptor '/home/rodrigomoreira/ros2_ws/src/install/map_marker_pkg/share/map_marker_pkg/hook/ament_prefix_path.dsv'
[0.416s] INFO:colcon.colcon_core.shell:Creating environment hook '/home/rodrigomoreira/ros2_ws/src/install/map_marker_pkg/share/map_marker_pkg/hook/ament_prefix_path.sh'
[0.417s] INFO:colcon.colcon_core.shell:Skip shell extension 'powershell' for command environment: Not usable outside of PowerShell
[0.417s] DEBUG:colcon.colcon_core.shell:Skip shell extension 'dsv' for command environment
[0.679s] INFO:colcon.colcon_core.task.python.build:Building Python package in '/home/rodrigomoreira/ros2_ws/src/map_marker_pkg'
[0.679s] INFO:colcon.colcon_core.shell:Skip shell extension 'powershell' for command environment: Not usable outside of PowerShell
[0.679s] DEBUG:colcon.colcon_core.shell:Skip shell extension 'dsv' for command environment
[1.371s] DEBUG:colcon.colcon_core.event_handler.log_command:Invoking command in '/home/rodrigomoreira/ros2_ws/src/map_marker_pkg': DEBUGINFOD_URLS=https://debuginfod.ubuntu.com PYTHONPATH=/home/rodrigomoreira/ros2_ws/src/build/map_marker_pkg/prefix_override:/usr/lib/python3/dist-packages/colcon_core/task/python/colcon_distutils_commands:/home/rodrigomoreira/ros2_ws/src/install/map_marker_pkg/lib/python3.12/site-packages:${PYTHONPATH} /usr/bin/python3 -W ignore:setup.py install is deprecated -W ignore:easy_install command is deprecated setup.py egg_info --egg-base ../build/map_marker_pkg build --build-base /home/rodrigomoreira/ros2_ws/src/build/map_marker_pkg/build install --record /home/rodrigomoreira/ros2_ws/src/build/map_marker_pkg/install.log --single-version-externally-managed install_data
[1.790s] DEBUG:colcon.colcon_core.event_handler.log_command:Invoked command in '/home/rodrigomoreira/ros2_ws/src/map_marker_pkg' returned '0': DEBUGINFOD_URLS=https://debuginfod.ubuntu.com PYTHONPATH=/home/rodrigomoreira/ros2_ws/src/build/map_marker_pkg/prefix_override:/usr/lib/python3/dist-packages/colcon_core/task/python/colcon_distutils_commands:/home/rodrigomoreira/ros2_ws/src/install/map_marker_pkg/lib/python3.12/site-packages:${PYTHONPATH} /usr/bin/python3 -W ignore:setup.py install is deprecated -W ignore:easy_install command is deprecated setup.py egg_info --egg-base ../build/map_marker_pkg build --build-base /home/rodrigomoreira/ros2_ws/src/build/map_marker_pkg/build install --record /home/rodrigomoreira/ros2_ws/src/build/map_marker_pkg/install.log --single-version-externally-managed install_data
[1.847s] Level 1:colcon.colcon_core.environment:checking '/home/rodrigomoreira/ros2_ws/src/install/map_marker_pkg' for CMake module files
[1.847s] Level 1:colcon.colcon_core.environment:checking '/home/rodrigomoreira/ros2_ws/src/install/map_marker_pkg' for CMake config files
[1.848s] Level 1:colcon.colcon_core.environment:checking '/home/rodrigomoreira/ros2_ws/src/install/map_marker_pkg/lib'
[1.848s] Level 1:colcon.colcon_core.environment:checking '/home/rodrigomoreira/ros2_ws/src/install/map_marker_pkg/bin'
[1.848s] Level 1:colcon.colcon_core.environment:checking '/home/rodrigomoreira/ros2_ws/src/install/map_marker_pkg/lib/pkgconfig/map_marker_pkg.pc'
[1.848s] Level 1:colcon.colcon_core.environment:checking '/home/rodrigomoreira/ros2_ws/src/install/map_marker_pkg/lib/python3.12/site-packages'
[1.848s] Level 1:colcon.colcon_core.shell:create_environment_hook('map_marker_pkg', 'pythonpath')
[1.848s] INFO:colcon.colcon_core.shell:Creating environment hook '/home/rodrigomoreira/ros2_ws/src/install/map_marker_pkg/share/map_marker_pkg/hook/pythonpath.ps1'
[1.849s] INFO:colcon.colcon_core.shell:Creating environment descriptor '/home/rodrigomoreira/ros2_ws/src/install/map_marker_pkg/share/map_marker_pkg/hook/pythonpath.dsv'
[1.849s] INFO:colcon.colcon_core.shell:Creating environment hook '/home/rodrigomoreira/ros2_ws/src/install/map_marker_pkg/share/map_marker_pkg/hook/pythonpath.sh'
[1.849s] Level 1:colcon.colcon_core.environment:checking '/home/rodrigomoreira/ros2_ws/src/install/map_marker_pkg/bin'
[1.849s] Level 1:colcon.colcon_core.environment:create_environment_scripts_only(map_marker_pkg)
[1.849s] INFO:colcon.colcon_core.shell:Creating package script '/home/rodrigomoreira/ros2_ws/src/install/map_marker_pkg/share/map_marker_pkg/package.ps1'
[1.850s] INFO:colcon.colcon_core.shell:Creating package descriptor '/home/rodrigomoreira/ros2_ws/src/install/map_marker_pkg/share/map_marker_pkg/package.dsv'
[1.851s] INFO:colcon.colcon_core.shell:Creating package script '/home/rodrigomoreira/ros2_ws/src/install/map_marker_pkg/share/map_marker_pkg/package.sh'
[1.851s] INFO:colcon.colcon_core.shell:Creating package script '/home/rodrigomoreira/ros2_ws/src/install/map_marker_pkg/share/map_marker_pkg/package.bash'
[1.852s] INFO:colcon.colcon_core.shell:Creating package script '/home/rodrigomoreira/ros2_ws/src/install/map_marker_pkg/share/map_marker_pkg/package.zsh'
[1.853s] Level 1:colcon.colcon_core.environment:create_file_with_runtime_dependencies(/home/rodrigomoreira/ros2_ws/src/install/map_marker_pkg/share/colcon-core/packages/map_marker_pkg)
[1.853s] DEBUG:colcon.colcon_parallel_executor.executor.parallel:closing loop
[1.853s] DEBUG:colcon.colcon_parallel_executor.executor.parallel:loop closed
[1.853s] DEBUG:colcon.colcon_parallel_executor.executor.parallel:run_until_complete finished with '0'
[1.853s] DEBUG:colcon.colcon_core.event_reactor:joining thread
[1.860s] INFO:colcon.colcon_core.plugin_system:Skipping extension 'colcon_notification.desktop_notification.terminal_notifier': Not used on non-Darwin systems
[1.860s] INFO:colcon.colcon_core.plugin_system:Skipping extension 'colcon_notification.desktop_notification.win32': Not used on non-Windows systems
[1.860s] INFO:colcon.colcon_notification.desktop_notification:Sending desktop notification using 'notify2'
[1.872s] DEBUG:colcon.colcon_core.event_reactor:joined thread
[1.872s] INFO:colcon.colcon_core.shell:Creating prefix script '/home/rodrigomoreira/ros2_ws/src/install/local_setup.ps1'
[1.873s] INFO:colcon.colcon_core.shell:Creating prefix util module '/home/rodrigomoreira/ros2_ws/src/install/_local_setup_util_ps1.py'
[1.874s] INFO:colcon.colcon_core.shell:Creating prefix chain script '/home/rodrigomoreira/ros2_ws/src/install/setup.ps1'
[1.875s] INFO:colcon.colcon_core.shell:Creating prefix script '/home/rodrigomoreira/ros2_ws/src/install/local_setup.sh'
[1.876s] INFO:colcon.colcon_core.shell:Creating prefix util module '/home/rodrigomoreira/ros2_ws/src/install/_local_setup_util_sh.py'
[1.877s] INFO:colcon.colcon_core.shell:Creating prefix chain script '/home/rodrigomoreira/ros2_ws/src/install/setup.sh'
[1.878s] INFO:colcon.colcon_core.shell:Creating prefix script '/home/rodrigomoreira/ros2_ws/src/install/local_setup.bash'
[1.879s] INFO:colcon.colcon_core.shell:Creating prefix chain script '/home/rodrigomoreira/ros2_ws/src/install/setup.bash'
[1.880s] INFO:colcon.colcon_core.shell:Creating prefix script '/home/rodrigomoreira/ros2_ws/src/install/local_setup.zsh'
[1.881s] INFO:colcon.colcon_core.shell:Creating prefix chain script '/home/rodrigomoreira/ros2_ws/src/install/setup.zsh'
