[1.599s] Invoking command in '/home/rodrigomoreira/ros2_ws/src/build/pole_detector': DEBUGINFOD_URLS=https://debuginfod.ubuntu.com PYTHONPATH=/home/rodrigomoreira/ros2_ws/src/build/pole_detector/prefix_override:/usr/lib/python3/dist-packages/colcon_core/task/python/colcon_distutils_commands:/home/rodrigomoreira/ros2_ws/src/install/pole_detector/lib/python3.12/site-packages:${PYTHONPATH} /usr/bin/python3 -W ignore:setup.py install is deprecated -W ignore:easy_install command is deprecated setup.py develop --editable --build-directory /home/rodrigomoreira/ros2_ws/src/build/pole_detector/build --no-deps symlink_data
[1.866s] running develop
[2.028s] running egg_info
[2.028s] creating pole_detector.egg-info
[2.043s] writing pole_detector.egg-info/PKG-INFO
[2.043s] writing dependency_links to pole_detector.egg-info/dependency_links.txt
[2.044s] writing entry points to pole_detector.egg-info/entry_points.txt
[2.044s] writing requirements to pole_detector.egg-info/requires.txt
[2.044s] writing top-level names to pole_detector.egg-info/top_level.txt
[2.044s] writing manifest file 'pole_detector.egg-info/SOURCES.txt'
[2.074s] reading manifest file 'pole_detector.egg-info/SOURCES.txt'
[2.074s] writing manifest file 'pole_detector.egg-info/SOURCES.txt'
[2.093s] running build_ext
[2.093s] Creating /home/rodrigomoreira/ros2_ws/src/install/pole_detector/lib/python3.12/site-packages/pole-detector.egg-link (link to .)
[2.094s] Installing pole_detector script to /home/rodrigomoreira/ros2_ws/src/install/pole_detector/lib/pole_detector
[2.094s] 
[2.094s] Installed /home/rodrigomoreira/ros2_ws/src/build/pole_detector
[2.094s] running symlink_data
[2.094s] creating /home/rodrigomoreira/ros2_ws/src/install/pole_detector/share/ament_index
[2.094s] creating /home/rodrigomoreira/ros2_ws/src/install/pole_detector/share/ament_index/resource_index
[2.094s] creating /home/rodrigomoreira/ros2_ws/src/install/pole_detector/share/ament_index/resource_index/packages
[2.094s] symbolically linking /home/rodrigomoreira/ros2_ws/src/build/pole_detector/resource/pole_detector -> /home/rodrigomoreira/ros2_ws/src/install/pole_detector/share/ament_index/resource_index/packages
[2.094s] symbolically linking /home/rodrigomoreira/ros2_ws/src/build/pole_detector/package.xml -> /home/rodrigomoreira/ros2_ws/src/install/pole_detector/share/pole_detector
[2.159s] Invoked command in '/home/rodrigomoreira/ros2_ws/src/build/pole_detector' returned '0': DEBUGINFOD_URLS=https://debuginfod.ubuntu.com PYTHONPATH=/home/rodrigomoreira/ros2_ws/src/build/pole_detector/prefix_override:/usr/lib/python3/dist-packages/colcon_core/task/python/colcon_distutils_commands:/home/rodrigomoreira/ros2_ws/src/install/pole_detector/lib/python3.12/site-packages:${PYTHONPATH} /usr/bin/python3 -W ignore:setup.py install is deprecated -W ignore:easy_install command is deprecated setup.py develop --editable --build-directory /home/rodrigomoreira/ros2_ws/src/build/pole_detector/build --no-deps symlink_data
