[0.964s] Invoking command in '/home/rodrigomoreira/ros2_ws/src/map_marker_pkg': DEBUGINFOD_URLS=https://debuginfod.ubuntu.com PYTHONPATH=/home/rodrigomoreira/ros2_ws/src/build/map_marker_pkg/prefix_override:/usr/lib/python3/dist-packages/colcon_core/task/python/colcon_distutils_commands:/home/rodrigomoreira/ros2_ws/src/install/map_marker_pkg/lib/python3.12/site-packages:${PYTHONPATH} /usr/bin/python3 -W ignore:setup.py install is deprecated -W ignore:easy_install command is deprecated setup.py egg_info --egg-base ../build/map_marker_pkg build --build-base /home/rodrigomoreira/ros2_ws/src/build/map_marker_pkg/build install --record /home/rodrigomoreira/ros2_ws/src/build/map_marker_pkg/install.log --single-version-externally-managed install_data
[1.170s] running egg_info
[1.170s] creating ../build/map_marker_pkg/map_marker_pkg.egg-info
[1.184s] writing ../build/map_marker_pkg/map_marker_pkg.egg-info/PKG-INFO
[1.184s] writing dependency_links to ../build/map_marker_pkg/map_marker_pkg.egg-info/dependency_links.txt
[1.184s] writing entry points to ../build/map_marker_pkg/map_marker_pkg.egg-info/entry_points.txt
[1.184s] writing requirements to ../build/map_marker_pkg/map_marker_pkg.egg-info/requires.txt
[1.185s] writing top-level names to ../build/map_marker_pkg/map_marker_pkg.egg-info/top_level.txt
[1.185s] writing manifest file '../build/map_marker_pkg/map_marker_pkg.egg-info/SOURCES.txt'
[1.214s] reading manifest file '../build/map_marker_pkg/map_marker_pkg.egg-info/SOURCES.txt'
[1.214s] writing manifest file '../build/map_marker_pkg/map_marker_pkg.egg-info/SOURCES.txt'
[1.214s] running build
[1.214s] running build_py
[1.215s] creating /home/rodrigomoreira/ros2_ws/src/build/map_marker_pkg/build
[1.215s] creating /home/rodrigomoreira/ros2_ws/src/build/map_marker_pkg/build/lib
[1.215s] creating /home/rodrigomoreira/ros2_ws/src/build/map_marker_pkg/build/lib/map_marker_pkg
[1.215s] copying map_marker_pkg/__init__.py -> /home/rodrigomoreira/ros2_ws/src/build/map_marker_pkg/build/lib/map_marker_pkg
[1.215s] copying map_marker_pkg/map_processor_node.py -> /home/rodrigomoreira/ros2_ws/src/build/map_marker_pkg/build/lib/map_marker_pkg
[1.215s] running install
[1.220s] running install_lib
[1.234s] creating /home/rodrigomoreira/ros2_ws/src/install/map_marker_pkg/lib/python3.12/site-packages/map_marker_pkg
[1.235s] copying /home/rodrigomoreira/ros2_ws/src/build/map_marker_pkg/build/lib/map_marker_pkg/__init__.py -> /home/rodrigomoreira/ros2_ws/src/install/map_marker_pkg/lib/python3.12/site-packages/map_marker_pkg
[1.235s] copying /home/rodrigomoreira/ros2_ws/src/build/map_marker_pkg/build/lib/map_marker_pkg/map_processor_node.py -> /home/rodrigomoreira/ros2_ws/src/install/map_marker_pkg/lib/python3.12/site-packages/map_marker_pkg
[1.235s] byte-compiling /home/rodrigomoreira/ros2_ws/src/install/map_marker_pkg/lib/python3.12/site-packages/map_marker_pkg/__init__.py to __init__.cpython-312.pyc
[1.235s] byte-compiling /home/rodrigomoreira/ros2_ws/src/install/map_marker_pkg/lib/python3.12/site-packages/map_marker_pkg/map_processor_node.py to map_processor_node.cpython-312.pyc
[1.236s] running install_data
[1.236s] creating /home/rodrigomoreira/ros2_ws/src/install/map_marker_pkg/share/ament_index
[1.236s] creating /home/rodrigomoreira/ros2_ws/src/install/map_marker_pkg/share/ament_index/resource_index
[1.236s] creating /home/rodrigomoreira/ros2_ws/src/install/map_marker_pkg/share/ament_index/resource_index/packages
[1.236s] copying resource/map_marker_pkg -> /home/rodrigomoreira/ros2_ws/src/install/map_marker_pkg/share/ament_index/resource_index/packages
[1.236s] copying package.xml -> /home/rodrigomoreira/ros2_ws/src/install/map_marker_pkg/share/map_marker_pkg
[1.236s] running install_egg_info
[1.252s] Copying ../build/map_marker_pkg/map_marker_pkg.egg-info to /home/rodrigomoreira/ros2_ws/src/install/map_marker_pkg/lib/python3.12/site-packages/map_marker_pkg-0.0.0-py3.12.egg-info
[1.253s] running install_scripts
[1.358s] Installing map_processor script to /home/rodrigomoreira/ros2_ws/src/install/map_marker_pkg/lib/map_marker_pkg
[1.358s] writing list of installed files to '/home/rodrigomoreira/ros2_ws/src/build/map_marker_pkg/install.log'
[1.383s] Invoked command in '/home/rodrigomoreira/ros2_ws/src/map_marker_pkg' returned '0': DEBUGINFOD_URLS=https://debuginfod.ubuntu.com PYTHONPATH=/home/rodrigomoreira/ros2_ws/src/build/map_marker_pkg/prefix_override:/usr/lib/python3/dist-packages/colcon_core/task/python/colcon_distutils_commands:/home/rodrigomoreira/ros2_ws/src/install/map_marker_pkg/lib/python3.12/site-packages:${PYTHONPATH} /usr/bin/python3 -W ignore:setup.py install is deprecated -W ignore:easy_install command is deprecated setup.py egg_info --egg-base ../build/map_marker_pkg build --build-base /home/rodrigomoreira/ros2_ws/src/build/map_marker_pkg/build install --record /home/rodrigomoreira/ros2_ws/src/build/map_marker_pkg/install.log --single-version-externally-managed install_data
