[0.405s] Invoking command in '/home/rodrigomoreira/ros2_ws/src/build/pointcloud_to_grid': CMAKE_PREFIX_PATH=${CMAKE_PREFIX_PATH}:/home/rodrigomoreira/ros2_ws/src/install/video_stream_receiver:/home/rodrigomoreira/ros2_ws/src/install/threshold_checker:/home/rodrigomoreira/ros2_ws/src/install/pole_marker:/home/rodrigomoreira/ros2_ws/src/install/pole_detector:/home/rodrigomoreira/ros2_ws/src/install/my_py_pkg:/home/rodrigomoreira/ros2_ws/src/install/controller_interpreter:/home/rodrigomoreira/ros2_ws/install/video_stream_receiver:/home/rodrigomoreira/ros2_ws/install/threshold_checker:/home/rodrigomoreira/ros2_ws/install/pole_marker:/home/rodrigomoreira/ros2_ws/install/pole_detector:/home/rodrigomoreira/ros2_ws/install/my_py_pkg:/home/rodrigomoreira/ros2_ws/install/controller_interpreter:/opt/ros/jazzy DEBUGINFOD_URLS=https://debuginfod.ubuntu.com /usr/bin/cmake /home/rodrigomoreira/ros2_ws/src/pointcloud_to_grid -DAMENT_CMAKE_SYMLINK_INSTALL=1 -DCMAKE_INSTALL_PREFIX=/home/rodrigomoreira/ros2_ws/src/install/pointcloud_to_grid
[0.924s] -- The C compiler identification is GNU 13.3.0
[0.924s] -- The CXX compiler identification is GNU 13.3.0
[0.924s] -- Detecting C compiler ABI info
[0.924s] -- Detecting C compiler ABI info - done
[0.924s] -- Check for working C compiler: /usr/bin/cc - skipped
[0.924s] -- Detecting C compile features
[0.924s] -- Detecting C compile features - done
[0.924s] -- Detecting CXX compiler ABI info
[0.924s] -- Detecting CXX compiler ABI info - done
[0.924s] -- Check for working CXX compiler: /usr/bin/c++ - skipped
[0.924s] -- Detecting CXX compile features
[0.924s] -- Detecting CXX compile features - done
[0.924s] -- Found ament_cmake: 2.5.5 (/opt/ros/jazzy/share/ament_cmake/cmake)
[0.924s] -- Found Python3: /usr/bin/python3 (found version "3.12.3") found components: Interpreter 
[0.924s] -- Override CMake install command with custom implementation using symlinks instead of copying resources
[0.963s] -- Found rclcpp: 28.1.16 (/opt/ros/jazzy/share/rclcpp/cmake)
[1.002s] -- Found rosidl_generator_c: 4.6.7 (/opt/ros/jazzy/share/rosidl_generator_c/cmake)
[1.015s] -- Found rosidl_generator_cpp: 4.6.7 (/opt/ros/jazzy/share/rosidl_generator_cpp/cmake)
[1.031s] -- Using all available rosidl_typesupport_c: rosidl_typesupport_fastrtps_c;rosidl_typesupport_introspection_c
[1.047s] -- Using all available rosidl_typesupport_cpp: rosidl_typesupport_fastrtps_cpp;rosidl_typesupport_introspection_cpp
[1.119s] -- Found rmw_implementation_cmake: 7.3.3 (/opt/ros/jazzy/share/rmw_implementation_cmake/cmake)
[1.123s] -- Found rmw_fastrtps_cpp: 8.4.3 (/opt/ros/jazzy/share/rmw_fastrtps_cpp/cmake)
[1.202s] -- Found OpenSSL: /usr/lib/x86_64-linux-gnu/libcrypto.so (found version "3.0.13")  
[1.220s] -- Found FastRTPS: /opt/ros/jazzy/include (Required is at least version "2.13") 
[1.241s] -- Using RMW implementation 'rmw_fastrtps_cpp' as default
[1.312s] -- Found std_msgs: 5.3.6 (/opt/ros/jazzy/share/std_msgs/cmake)
[1.325s] -- Found sensor_msgs: 5.3.6 (/opt/ros/jazzy/share/sensor_msgs/cmake)
[1.361s] -- Found nav_msgs: 5.3.6 (/opt/ros/jazzy/share/nav_msgs/cmake)
[1.387s] -- Found grid_map_msgs: 2.2.2 (/opt/ros/jazzy/share/grid_map_msgs/cmake)
[1.409s] -- Found visualization_msgs: 5.3.6 (/opt/ros/jazzy/share/visualization_msgs/cmake)
[1.437s] -- Found tf2: 0.36.19 (/opt/ros/jazzy/share/tf2/cmake)
[1.442s] -- Found tf2_msgs: 0.36.19 (/opt/ros/jazzy/share/tf2_msgs/cmake)
[1.494s] -- Found tf2_ros: 0.36.19 (/opt/ros/jazzy/share/tf2_ros/cmake)
[1.562s] -- Found tf2_geometry_msgs: 0.36.19 (/opt/ros/jazzy/share/tf2_geometry_msgs/cmake)
[1.581s] -- Found eigen3_cmake_module: 0.3.0 (/opt/ros/jazzy/share/eigen3_cmake_module/cmake)
[1.582s] -- Found Eigen3: TRUE (found version "3.4.0") 
[1.582s] -- Ensuring Eigen3 include directory is part of orocos-kdl CMake target
[1.588s] -- Found pcl_ros: 2.6.2 (/opt/ros/jazzy/share/pcl_ros/cmake)
[1.658s] [33mCMake Warning (dev) at /usr/lib/x86_64-linux-gnu/cmake/pcl/Modules/FindFLANN.cmake:45 (find_package):
[1.658s]   Policy CMP0144 is not set: find_package uses upper-case <PACKAGENAME>_ROOT
[1.658s]   variables.  Run "cmake --help-policy CMP0144" for policy details.  Use the
[1.658s]   cmake_policy command to set the policy and suppress this warning.
[1.658s] 
[1.659s]   CMake variable FLANN_ROOT is set to:
[1.659s] 
[1.659s]     /usr
[1.659s] 
[1.659s]   For compatibility, find_package is ignoring the variable, but code in a
[1.659s]   .cmake module might still use it.
[1.659s] Call Stack (most recent call first):
[1.659s]   /usr/lib/x86_64-linux-gnu/cmake/pcl/PCLConfig.cmake:261 (find_package)
[1.659s]   /usr/lib/x86_64-linux-gnu/cmake/pcl/PCLConfig.cmake:306 (find_flann)
[1.659s]   /usr/lib/x86_64-linux-gnu/cmake/pcl/PCLConfig.cmake:570 (find_external_library)
[1.659s]   /opt/ros/jazzy/share/pcl_conversions/cmake/ament_cmake_export_dependencies-extras.cmake:21 (find_package)
[1.659s]   /opt/ros/jazzy/share/pcl_conversions/cmake/pcl_conversionsConfig.cmake:41 (include)
[1.660s]   /opt/ros/jazzy/share/pcl_ros/cmake/ament_cmake_export_dependencies-extras.cmake:21 (find_package)
[1.660s]   /opt/ros/jazzy/share/pcl_ros/cmake/pcl_rosConfig.cmake:41 (include)
[1.660s]   CMakeLists.txt:24 (find_package)
[1.660s] This warning is for project developers.  Use -Wno-dev to suppress it.
[1.660s] [0m
[1.660s] -- Found flann version 1.9.2
[1.952s] -- Found OpenMP_CXX: -fopenmp (found version "4.5") 
[1.952s] -- Found OpenMP: TRUE (found version "4.5") found components: CXX 
[3.103s] -- Checking for module 'libusb-1.0'
[3.121s] --   Found libusb-1.0, version 1.0.27
[3.160s] -- Found libusb: /usr/lib/x86_64-linux-gnu/libusb-1.0.so  
[3.160s] -- OpenNI found (version: 1.5.4.0, include: /usr/include/ni, lib: /usr/lib/libOpenNI.so;libusb::libusb)
[3.223s] -- OpenNI2 found (version: 2.2.0.33, include: /usr/include/openni2, lib: /usr/lib/x86_64-linux-gnu/libOpenNI2.so;libusb::libusb)
[3.225s] -- Could NOT find Pcap (missing: PCAP_LIBRARIES PCAP_INCLUDE_DIRS) 
[3.238s] -- Found ZLIB: /usr/lib/x86_64-linux-gnu/libz.so (found version "1.3")  
[3.255s] -- Found PNG: /usr/lib/x86_64-linux-gnu/libpng.so (found version "1.6.43") 
[3.612s] -- OpenNI found (version: 1.5.4.0, include: /usr/include/ni, lib: /usr/lib/libOpenNI.so;libusb::libusb)
[3.618s] -- OpenNI2 found (version: 2.2.0.33, include: /usr/include/openni2, lib: /usr/lib/x86_64-linux-gnu/libOpenNI2.so;libusb::libusb)
[3.987s] -- Found Qhull version 8.0.2
[4.373s] -- OpenNI found (version: 1.5.4.0, include: /usr/include/ni, lib: /usr/lib/libOpenNI.so;libusb::libusb)
[4.741s] -- Found PCL_COMMON: /usr/lib/x86_64-linux-gnu/libpcl_common.so  
[4.742s] -- Found PCL_KDTREE: /usr/lib/x86_64-linux-gnu/libpcl_kdtree.so  
[4.745s] -- Found PCL_OCTREE: /usr/lib/x86_64-linux-gnu/libpcl_octree.so  
[4.745s] -- Found PCL_SEARCH: /usr/lib/x86_64-linux-gnu/libpcl_search.so  
[4.746s] -- Found PCL_SAMPLE_CONSENSUS: /usr/lib/x86_64-linux-gnu/libpcl_sample_consensus.so  
[4.749s] -- Found PCL_FILTERS: /usr/lib/x86_64-linux-gnu/libpcl_filters.so  
[4.749s] -- Found PCL_2D: /usr/include/pcl-1.14  
[4.749s] -- Found PCL_GEOMETRY: /usr/include/pcl-1.14  
[4.749s] -- Found PCL_IO: /usr/lib/x86_64-linux-gnu/libpcl_io.so  
[4.750s] -- Found PCL_FEATURES: /usr/lib/x86_64-linux-gnu/libpcl_features.so  
[4.752s] -- Found PCL_ML: /usr/lib/x86_64-linux-gnu/libpcl_ml.so  
[4.752s] -- Found PCL_SEGMENTATION: /usr/lib/x86_64-linux-gnu/libpcl_segmentation.so  
[4.753s] -- Found PCL_VISUALIZATION: /usr/lib/x86_64-linux-gnu/libpcl_visualization.so  
[4.754s] -- Found PCL_SURFACE: /usr/lib/x86_64-linux-gnu/libpcl_surface.so  
[4.755s] -- Found PCL_REGISTRATION: /usr/lib/x86_64-linux-gnu/libpcl_registration.so  
[4.756s] -- Found PCL_KEYPOINTS: /usr/lib/x86_64-linux-gnu/libpcl_keypoints.so  
[4.757s] -- Found PCL_TRACKING: /usr/lib/x86_64-linux-gnu/libpcl_tracking.so  
[4.758s] -- Found PCL_RECOGNITION: /usr/lib/x86_64-linux-gnu/libpcl_recognition.so  
[4.758s] -- Found PCL_STEREO: /usr/lib/x86_64-linux-gnu/libpcl_stereo.so  
[4.759s] -- Found PCL_APPS: /usr/lib/x86_64-linux-gnu/libpcl_apps.so  
[4.760s] -- Found PCL_IN_HAND_SCANNER: /usr/include/pcl-1.14  
[4.760s] -- Found PCL_MODELER: /usr/include/pcl-1.14  
[4.760s] -- Found PCL_POINT_CLOUD_EDITOR: /usr/include/pcl-1.14  
[4.761s] -- Found PCL_OUTOFCORE: /usr/lib/x86_64-linux-gnu/libpcl_outofcore.so  
[4.762s] -- Found PCL_PEOPLE: /usr/lib/x86_64-linux-gnu/libpcl_people.so  
[4.846s] -- Found ament_lint_auto: 0.17.4 (/opt/ros/jazzy/share/ament_lint_auto/cmake)
[4.947s] -- Added test 'cppcheck' to perform static code analysis on C / C++ code
[4.950s] -- Configured cppcheck include dirs: /home/rodrigomoreira/ros2_ws/src/pointcloud_to_grid/include
[4.950s] -- Configured cppcheck exclude dirs and/or files: 
[4.950s] -- Added test 'flake8' to check Python code syntax and style conventions
[4.951s] -- Configured 'flake8' exclude dirs and/or files: 
[4.952s] -- Added test 'lint_cmake' to check CMake code style
[4.953s] -- Added test 'pep257' to check Python code against some of the docstring style conventions in PEP 257
[4.956s] -- Added test 'uncrustify' to check C / C++ code style
[4.956s] -- Configured uncrustify additional arguments: 
[4.957s] -- Added test 'xmllint' to check XML markup files
[4.961s] -- Configuring done (4.5s)
[5.027s] -- Generating done (0.0s)
[5.038s] -- Build files have been written to: /home/rodrigomoreira/ros2_ws/src/build/pointcloud_to_grid
[5.060s] Invoked command in '/home/rodrigomoreira/ros2_ws/src/build/pointcloud_to_grid' returned '0': CMAKE_PREFIX_PATH=${CMAKE_PREFIX_PATH}:/home/rodrigomoreira/ros2_ws/src/install/video_stream_receiver:/home/rodrigomoreira/ros2_ws/src/install/threshold_checker:/home/rodrigomoreira/ros2_ws/src/install/pole_marker:/home/rodrigomoreira/ros2_ws/src/install/pole_detector:/home/rodrigomoreira/ros2_ws/src/install/my_py_pkg:/home/rodrigomoreira/ros2_ws/src/install/controller_interpreter:/home/rodrigomoreira/ros2_ws/install/video_stream_receiver:/home/rodrigomoreira/ros2_ws/install/threshold_checker:/home/rodrigomoreira/ros2_ws/install/pole_marker:/home/rodrigomoreira/ros2_ws/install/pole_detector:/home/rodrigomoreira/ros2_ws/install/my_py_pkg:/home/rodrigomoreira/ros2_ws/install/controller_interpreter:/opt/ros/jazzy DEBUGINFOD_URLS=https://debuginfod.ubuntu.com /usr/bin/cmake /home/rodrigomoreira/ros2_ws/src/pointcloud_to_grid -DAMENT_CMAKE_SYMLINK_INSTALL=1 -DCMAKE_INSTALL_PREFIX=/home/rodrigomoreira/ros2_ws/src/install/pointcloud_to_grid
[5.061s] Invoking command in '/home/rodrigomoreira/ros2_ws/src/build/pointcloud_to_grid': CMAKE_PREFIX_PATH=${CMAKE_PREFIX_PATH}:/home/rodrigomoreira/ros2_ws/src/install/video_stream_receiver:/home/rodrigomoreira/ros2_ws/src/install/threshold_checker:/home/rodrigomoreira/ros2_ws/src/install/pole_marker:/home/rodrigomoreira/ros2_ws/src/install/pole_detector:/home/rodrigomoreira/ros2_ws/src/install/my_py_pkg:/home/rodrigomoreira/ros2_ws/src/install/controller_interpreter:/home/rodrigomoreira/ros2_ws/install/video_stream_receiver:/home/rodrigomoreira/ros2_ws/install/threshold_checker:/home/rodrigomoreira/ros2_ws/install/pole_marker:/home/rodrigomoreira/ros2_ws/install/pole_detector:/home/rodrigomoreira/ros2_ws/install/my_py_pkg:/home/rodrigomoreira/ros2_ws/install/controller_interpreter:/opt/ros/jazzy DEBUGINFOD_URLS=https://debuginfod.ubuntu.com /usr/bin/cmake --build /home/rodrigomoreira/ros2_ws/src/build/pointcloud_to_grid -- -j16 -l16
[5.113s] [ 25%] [32mBuilding CXX object CMakeFiles/pointcloud_to_grid_node.dir/src/pointcloud_to_grid_node.cpp.o[0m
[5.113s] [ 50%] [32mBuilding CXX object CMakeFiles/grid_trajectory.dir/src/grid_trajectory.cpp.o[0m
[18.086s] [ 75%] [32m[1mLinking CXX executable pointcloud_to_grid_node[0m
[18.533s] [ 75%] Built target pointcloud_to_grid_node
[19.658s] [100%] [32m[1mLinking CXX executable grid_trajectory[0m
[20.385s] [100%] Built target grid_trajectory
[20.397s] Invoked command in '/home/rodrigomoreira/ros2_ws/src/build/pointcloud_to_grid' returned '0': CMAKE_PREFIX_PATH=${CMAKE_PREFIX_PATH}:/home/rodrigomoreira/ros2_ws/src/install/video_stream_receiver:/home/rodrigomoreira/ros2_ws/src/install/threshold_checker:/home/rodrigomoreira/ros2_ws/src/install/pole_marker:/home/rodrigomoreira/ros2_ws/src/install/pole_detector:/home/rodrigomoreira/ros2_ws/src/install/my_py_pkg:/home/rodrigomoreira/ros2_ws/src/install/controller_interpreter:/home/rodrigomoreira/ros2_ws/install/video_stream_receiver:/home/rodrigomoreira/ros2_ws/install/threshold_checker:/home/rodrigomoreira/ros2_ws/install/pole_marker:/home/rodrigomoreira/ros2_ws/install/pole_detector:/home/rodrigomoreira/ros2_ws/install/my_py_pkg:/home/rodrigomoreira/ros2_ws/install/controller_interpreter:/opt/ros/jazzy DEBUGINFOD_URLS=https://debuginfod.ubuntu.com /usr/bin/cmake --build /home/rodrigomoreira/ros2_ws/src/build/pointcloud_to_grid -- -j16 -l16
[20.407s] Invoking command in '/home/rodrigomoreira/ros2_ws/src/build/pointcloud_to_grid': CMAKE_PREFIX_PATH=${CMAKE_PREFIX_PATH}:/home/rodrigomoreira/ros2_ws/src/install/video_stream_receiver:/home/rodrigomoreira/ros2_ws/src/install/threshold_checker:/home/rodrigomoreira/ros2_ws/src/install/pole_marker:/home/rodrigomoreira/ros2_ws/src/install/pole_detector:/home/rodrigomoreira/ros2_ws/src/install/my_py_pkg:/home/rodrigomoreira/ros2_ws/src/install/controller_interpreter:/home/rodrigomoreira/ros2_ws/install/video_stream_receiver:/home/rodrigomoreira/ros2_ws/install/threshold_checker:/home/rodrigomoreira/ros2_ws/install/pole_marker:/home/rodrigomoreira/ros2_ws/install/pole_detector:/home/rodrigomoreira/ros2_ws/install/my_py_pkg:/home/rodrigomoreira/ros2_ws/install/controller_interpreter:/opt/ros/jazzy DEBUGINFOD_URLS=https://debuginfod.ubuntu.com /usr/bin/cmake --install /home/rodrigomoreira/ros2_ws/src/build/pointcloud_to_grid
[20.413s] -- Install configuration: ""
[20.414s] -- Execute custom install script
[20.414s] -- Symlinking: /home/rodrigomoreira/ros2_ws/src/install/pointcloud_to_grid/share/pointcloud_to_grid/launch/demo.launch.py
[20.421s] -- Symlinking: /home/rodrigomoreira/ros2_ws/src/install/pointcloud_to_grid/share/pointcloud_to_grid/launch/dual_output_example.launch.py
[20.429s] -- Symlinking: /home/rodrigomoreira/ros2_ws/src/install/pointcloud_to_grid/share/pointcloud_to_grid/launch/grid_trajectory.launch.py
[20.437s] -- Symlinking: /home/rodrigomoreira/ros2_ws/src/install/pointcloud_to_grid/share/pointcloud_to_grid/launch/rviz.launch.py
[20.446s] -- Symlinking: /home/rodrigomoreira/ros2_ws/src/install/pointcloud_to_grid/share/pointcloud_to_grid/doc/default.rviz
[20.456s] -- Symlinking: /home/rodrigomoreira/ros2_ws/src/install/pointcloud_to_grid/share/pointcloud_to_grid/doc/grid_map01.gif
[20.463s] -- Symlinking: /home/rodrigomoreira/ros2_ws/src/install/pointcloud_to_grid/share/pointcloud_to_grid/doc/grid_map_conventions.pdf
[20.471s] -- Symlinking: /home/rodrigomoreira/ros2_ws/src/install/pointcloud_to_grid/share/pointcloud_to_grid/doc/grid_map_conventions.png
[20.478s] -- Symlinking: /home/rodrigomoreira/ros2_ws/src/install/pointcloud_to_grid/share/pointcloud_to_grid/doc/grid_map_conventions.svg
[20.486s] -- Symlinking: /home/rodrigomoreira/ros2_ws/src/install/pointcloud_to_grid/lib/pointcloud_to_grid/pointcloud_to_grid_node
[20.495s] -- Symlinking: /home/rodrigomoreira/ros2_ws/src/install/pointcloud_to_grid/lib/pointcloud_to_grid/grid_trajectory
[20.503s] -- Symlinking: /home/rodrigomoreira/ros2_ws/src/install/pointcloud_to_grid/share/ament_index/resource_index/package_run_dependencies/pointcloud_to_grid
[20.510s] -- Symlinking: /home/rodrigomoreira/ros2_ws/src/install/pointcloud_to_grid/share/ament_index/resource_index/parent_prefix_path/pointcloud_to_grid
[20.519s] -- Symlinking: /home/rodrigomoreira/ros2_ws/src/install/pointcloud_to_grid/share/pointcloud_to_grid/environment/ament_prefix_path.sh
[20.527s] -- Symlinking: /home/rodrigomoreira/ros2_ws/src/install/pointcloud_to_grid/share/pointcloud_to_grid/environment/ament_prefix_path.dsv
[20.535s] -- Symlinking: /home/rodrigomoreira/ros2_ws/src/install/pointcloud_to_grid/share/pointcloud_to_grid/environment/path.sh
[20.542s] -- Symlinking: /home/rodrigomoreira/ros2_ws/src/install/pointcloud_to_grid/share/pointcloud_to_grid/environment/path.dsv
[20.550s] -- Symlinking: /home/rodrigomoreira/ros2_ws/src/install/pointcloud_to_grid/share/pointcloud_to_grid/local_setup.bash
[20.557s] -- Symlinking: /home/rodrigomoreira/ros2_ws/src/install/pointcloud_to_grid/share/pointcloud_to_grid/local_setup.sh
[20.566s] -- Symlinking: /home/rodrigomoreira/ros2_ws/src/install/pointcloud_to_grid/share/pointcloud_to_grid/local_setup.zsh
[20.574s] -- Symlinking: /home/rodrigomoreira/ros2_ws/src/install/pointcloud_to_grid/share/pointcloud_to_grid/local_setup.dsv
[20.581s] -- Symlinking: /home/rodrigomoreira/ros2_ws/src/install/pointcloud_to_grid/share/pointcloud_to_grid/package.dsv
[20.588s] -- Symlinking: /home/rodrigomoreira/ros2_ws/src/install/pointcloud_to_grid/share/ament_index/resource_index/packages/pointcloud_to_grid
[20.594s] -- Symlinking: /home/rodrigomoreira/ros2_ws/src/install/pointcloud_to_grid/share/pointcloud_to_grid/cmake/pointcloud_to_gridConfig.cmake
[20.601s] -- Symlinking: /home/rodrigomoreira/ros2_ws/src/install/pointcloud_to_grid/share/pointcloud_to_grid/cmake/pointcloud_to_gridConfig-version.cmake
[20.609s] -- Symlinking: /home/rodrigomoreira/ros2_ws/src/install/pointcloud_to_grid/share/pointcloud_to_grid/package.xml
[20.619s] Invoked command in '/home/rodrigomoreira/ros2_ws/src/build/pointcloud_to_grid' returned '0': CMAKE_PREFIX_PATH=${CMAKE_PREFIX_PATH}:/home/rodrigomoreira/ros2_ws/src/install/video_stream_receiver:/home/rodrigomoreira/ros2_ws/src/install/threshold_checker:/home/rodrigomoreira/ros2_ws/src/install/pole_marker:/home/rodrigomoreira/ros2_ws/src/install/pole_detector:/home/rodrigomoreira/ros2_ws/src/install/my_py_pkg:/home/rodrigomoreira/ros2_ws/src/install/controller_interpreter:/home/rodrigomoreira/ros2_ws/install/video_stream_receiver:/home/rodrigomoreira/ros2_ws/install/threshold_checker:/home/rodrigomoreira/ros2_ws/install/pole_marker:/home/rodrigomoreira/ros2_ws/install/pole_detector:/home/rodrigomoreira/ros2_ws/install/my_py_pkg:/home/rodrigomoreira/ros2_ws/install/controller_interpreter:/opt/ros/jazzy DEBUGINFOD_URLS=https://debuginfod.ubuntu.com /usr/bin/cmake --install /home/rodrigomoreira/ros2_ws/src/build/pointcloud_to_grid
