[1.626s] Invoking command in '/home/rodrigomoreira/ros2_ws/src/build/controller_interpreter': DEBUGINFOD_URLS=https://debuginfod.ubuntu.com PYTHONPATH=/home/rodrigomoreira/ros2_ws/src/build/controller_interpreter/prefix_override:/usr/lib/python3/dist-packages/colcon_core/task/python/colcon_distutils_commands:/home/rodrigomoreira/ros2_ws/src/install/controller_interpreter/lib/python3.12/site-packages:${PYTHONPATH} /usr/bin/python3 -W ignore:setup.py install is deprecated -W ignore:easy_install command is deprecated setup.py develop --editable --build-directory /home/rodrigomoreira/ros2_ws/src/build/controller_interpreter/build --no-deps symlink_data
[1.903s] running develop
[2.065s] running egg_info
[2.065s] creating controller_interpreter.egg-info
[2.079s] writing controller_interpreter.egg-info/PKG-INFO
[2.080s] writing dependency_links to controller_interpreter.egg-info/dependency_links.txt
[2.080s] writing entry points to controller_interpreter.egg-info/entry_points.txt
[2.080s] writing requirements to controller_interpreter.egg-info/requires.txt
[2.080s] writing top-level names to controller_interpreter.egg-info/top_level.txt
[2.080s] writing manifest file 'controller_interpreter.egg-info/SOURCES.txt'
[2.111s] reading manifest file 'controller_interpreter.egg-info/SOURCES.txt'
[2.111s] writing manifest file 'controller_interpreter.egg-info/SOURCES.txt'
[2.128s] running build_ext
[2.128s] Creating /home/rodrigomoreira/ros2_ws/src/install/controller_interpreter/lib/python3.12/site-packages/controller-interpreter.egg-link (link to .)
[2.129s] Installing joy2twist script to /home/rodrigomoreira/ros2_ws/src/install/controller_interpreter/lib/controller_interpreter
[2.129s] 
[2.129s] Installed /home/rodrigomoreira/ros2_ws/src/build/controller_interpreter
[2.129s] running symlink_data
[2.129s] creating /home/rodrigomoreira/ros2_ws/src/install/controller_interpreter/share/ament_index
[2.129s] creating /home/rodrigomoreira/ros2_ws/src/install/controller_interpreter/share/ament_index/resource_index
[2.129s] creating /home/rodrigomoreira/ros2_ws/src/install/controller_interpreter/share/ament_index/resource_index/packages
[2.130s] symbolically linking /home/rodrigomoreira/ros2_ws/src/build/controller_interpreter/resource/controller_interpreter -> /home/rodrigomoreira/ros2_ws/src/install/controller_interpreter/share/ament_index/resource_index/packages
[2.130s] symbolically linking /home/rodrigomoreira/ros2_ws/src/build/controller_interpreter/package.xml -> /home/rodrigomoreira/ros2_ws/src/install/controller_interpreter/share/controller_interpreter
[2.195s] Invoked command in '/home/rodrigomoreira/ros2_ws/src/build/controller_interpreter' returned '0': DEBUGINFOD_URLS=https://debuginfod.ubuntu.com PYTHONPATH=/home/rodrigomoreira/ros2_ws/src/build/controller_interpreter/prefix_override:/usr/lib/python3/dist-packages/colcon_core/task/python/colcon_distutils_commands:/home/rodrigomoreira/ros2_ws/src/install/controller_interpreter/lib/python3.12/site-packages:${PYTHONPATH} /usr/bin/python3 -W ignore:setup.py install is deprecated -W ignore:easy_install command is deprecated setup.py develop --editable --build-directory /home/rodrigomoreira/ros2_ws/src/build/controller_interpreter/build --no-deps symlink_data
